app/build/intermediates/manifest_merge_blame_file/debug/manifest-merger-blame-debug-report.txt
1<?xml version="1.0" encoding="utf-8"?>
2<manifest xmlns:android="http://schemas.android.com/apk/res/android"
3    package="com.example.lifesharing"
4    android:versionCode="1"
5    android:versionName="1.0" >
6
7    <uses-sdk
8        android:minSdkVersion="24"
9        android:targetSdkVersion="34" />
10
11    <uses-permission android:name="android.permission.INTERNET" />
11-->src/main/AndroidManifest.xml:5:5-67
11-->src/main/AndroidManifest.xml:5:22-64
12    <uses-permission android:name="android.permission.ACCESS_NETWORK_STATE" />
12-->[com.navercorp.nid:oauth-jdk8:5.9.0] AndroidManifest.xml:8:5-79
12-->[com.navercorp.nid:oauth-jdk8:5.9.0] AndroidManifest.xml:8:22-76
13
14    <queries>
14-->[com.navercorp.nid:oauth-jdk8:5.9.0] AndroidManifest.xml:11:5-21:15
15
16        <!-- 네이버앱 : 로그인, 스킴로그인 -->
17        <package android:name="com.nhn.android.search" />
17-->[com.navercorp.nid:oauth-jdk8:5.9.0] AndroidManifest.xml:14:9-58
17-->[com.navercorp.nid:oauth-jdk8:5.9.0] AndroidManifest.xml:14:18-55
18        <!-- 커스텀탭 로그인 -->
19        <intent>
19-->[com.navercorp.nid:oauth-jdk8:5.9.0] AndroidManifest.xml:16:9-18:18
20            <action android:name="android.support.customtabs.action.CustomTabsService" />
20-->[com.navercorp.nid:oauth-jdk8:5.9.0] AndroidManifest.xml:17:13-90
20-->[com.navercorp.nid:oauth-jdk8:5.9.0] AndroidManifest.xml:17:21-87
21        </intent>
22
23        <package android:name="com.android.chrome" />
23-->[com.navercorp.nid:oauth-jdk8:5.9.0] AndroidManifest.xml:20:9-54
23-->[com.navercorp.nid:oauth-jdk8:5.9.0] AndroidManifest.xml:20:18-51
24        <package android:name="com.kakao.talk" />
24-->[com.kakao.sdk:v2-common:2.19.0] AndroidManifest.xml:10:9-50
24-->[com.kakao.sdk:v2-common:2.19.0] AndroidManifest.xml:10:18-47
25        <package android:name="com.kakao.talk.alpha" />
25-->[com.kakao.sdk:v2-common:2.19.0] AndroidManifest.xml:11:9-56
25-->[com.kakao.sdk:v2-common:2.19.0] AndroidManifest.xml:11:18-53
26        <package android:name="com.kakao.talk.sandbox" />
26-->[com.kakao.sdk:v2-common:2.19.0] AndroidManifest.xml:12:9-58
26-->[com.kakao.sdk:v2-common:2.19.0] AndroidManifest.xml:12:18-55
27        <package android:name="com.kakao.onetalk" />
27-->[com.kakao.sdk:v2-common:2.19.0] AndroidManifest.xml:13:9-53
27-->[com.kakao.sdk:v2-common:2.19.0] AndroidManifest.xml:13:18-50
28
29        <intent>
29-->[com.kakao.sdk:v2-common:2.19.0] AndroidManifest.xml:15:9-21:18
30            <action android:name="android.intent.action.VIEW" />
30-->src/main/AndroidManifest.xml:52:17-69
30-->src/main/AndroidManifest.xml:52:25-66
31
32            <category android:name="android.intent.category.BROWSABLE" />
32-->src/main/AndroidManifest.xml:54:17-78
32-->src/main/AndroidManifest.xml:54:27-75
33
34            <data android:scheme="https" />
34-->src/main/AndroidManifest.xml:57:17-58:64
34-->src/main/AndroidManifest.xml:58:21-61
35        </intent>
36    </queries>
37
38    <permission
38-->[androidx.core:core:1.12.0] AndroidManifest.xml:22:5-24:47
39        android:name="com.example.lifesharing.DYNAMIC_RECEIVER_NOT_EXPORTED_PERMISSION"
39-->[androidx.core:core:1.12.0] AndroidManifest.xml:23:9-81
40        android:protectionLevel="signature" />
40-->[androidx.core:core:1.12.0] AndroidManifest.xml:24:9-44
41
42    <uses-permission android:name="com.example.lifesharing.DYNAMIC_RECEIVER_NOT_EXPORTED_PERMISSION" />
42-->[androidx.core:core:1.12.0] AndroidManifest.xml:26:5-97
42-->[androidx.core:core:1.12.0] AndroidManifest.xml:26:22-94
43
44    <application
44-->src/main/AndroidManifest.xml:7:5-61:19
45        android:name="com.example.lifesharing.GlobalApplication"
45-->src/main/AndroidManifest.xml:9:9-42
46        android:allowBackup="true"
46-->src/main/AndroidManifest.xml:10:9-35
47        android:appComponentFactory="androidx.core.app.CoreComponentFactory"
47-->[androidx.core:core:1.12.0] AndroidManifest.xml:28:18-86
48        android:dataExtractionRules="@xml/data_extraction_rules"
48-->src/main/AndroidManifest.xml:11:9-65
49        android:debuggable="true"
50        android:extractNativeLibs="false"
51        android:fullBackupContent="@xml/backup_rules"
51-->src/main/AndroidManifest.xml:12:9-54
52        android:icon="@mipmap/ic_launcher"
52-->src/main/AndroidManifest.xml:13:9-43
53        android:label="@string/app_name"
53-->src/main/AndroidManifest.xml:14:9-41
54        android:roundIcon="@mipmap/ic_launcher_round"
54-->src/main/AndroidManifest.xml:15:9-54
55        android:supportsRtl="true"
55-->src/main/AndroidManifest.xml:16:9-35
56        android:testOnly="true"
57        android:theme="@style/Theme.Lifesharing"
57-->src/main/AndroidManifest.xml:17:9-49
58        android:usesCleartextTraffic="true" >
58-->src/main/AndroidManifest.xml:8:9-44
59        <meta-data
59-->src/main/AndroidManifest.xml:19:9-22:15
60            android:name="com.kakao.sdk.AppKey"
60-->src/main/AndroidManifest.xml:20:13-48
61            android:value="@string/kakao_app_key" />
61-->src/main/AndroidManifest.xml:21:13-50
62
63        <activity
63-->src/main/AndroidManifest.xml:23:9-26:40
64            android:name="com.example.lifesharing.login.LoginActivity"
64-->src/main/AndroidManifest.xml:24:13-48
65            android:exported="false"
65-->src/main/AndroidManifest.xml:26:13-37
66            android:theme="@style/Theme.MaterialComponents.Light.NoActionBar.Bridge" />
66-->src/main/AndroidManifest.xml:25:13-85
67        <activity
67-->src/main/AndroidManifest.xml:27:9-29:40
68            android:name="com.example.lifesharing.login.RegisterActivity"
68-->src/main/AndroidManifest.xml:28:13-51
69            android:exported="false" />
69-->src/main/AndroidManifest.xml:29:13-37
70        <activity
70-->src/main/AndroidManifest.xml:30:9-38:20
71            android:name="com.example.lifesharing.login.SocialLoginActivity"
71-->src/main/AndroidManifest.xml:31:13-54
72            android:exported="true" >
72-->src/main/AndroidManifest.xml:32:13-36
73            <intent-filter>
73-->src/main/AndroidManifest.xml:33:13-37:29
74                <action android:name="android.intent.action.MAIN" />
74-->src/main/AndroidManifest.xml:34:17-69
74-->src/main/AndroidManifest.xml:34:25-66
75
76                <category android:name="android.intent.category.LAUNCHER" />
76-->src/main/AndroidManifest.xml:36:17-77
76-->src/main/AndroidManifest.xml:36:27-74
77            </intent-filter>
78        </activity>
79        <activity
79-->src/main/AndroidManifest.xml:39:9-47:20
80            android:name="com.example.lifesharing.MainActivity"
80-->src/main/AndroidManifest.xml:40:13-41
81            android:exported="true" >
81-->src/main/AndroidManifest.xml:41:13-36
82
83            <!-- <intent-filter> -->
84            <!-- <action android:name="android.intent.action.MAIN" /> -->
85
86
87            <!-- <category android:name="android.intent.category.LAUNCHER" /> -->
88            <!-- </intent-filter> -->
89        </activity>
90        <activity
90-->src/main/AndroidManifest.xml:48:9-60:20
91            android:name="com.kakao.sdk.auth.AuthCodeHandlerActivity"
91-->src/main/AndroidManifest.xml:49:13-70
92            android:exported="true"
92-->src/main/AndroidManifest.xml:50:13-36
93            android:launchMode="singleTask"
93-->[com.kakao.sdk:v2-auth:2.19.0] AndroidManifest.xml:18:13-44
94            android:theme="@style/TransparentCompat" >
94-->[com.kakao.sdk:v2-auth:2.19.0] AndroidManifest.xml:19:13-53
95            <intent-filter>
95-->src/main/AndroidManifest.xml:51:13-59:29
96                <action android:name="android.intent.action.VIEW" />
96-->src/main/AndroidManifest.xml:52:17-69
96-->src/main/AndroidManifest.xml:52:25-66
97
98                <category android:name="android.intent.category.DEFAULT" />
98-->src/main/AndroidManifest.xml:53:17-76
98-->src/main/AndroidManifest.xml:53:27-73
99                <category android:name="android.intent.category.BROWSABLE" />
99-->src/main/AndroidManifest.xml:54:17-78
99-->src/main/AndroidManifest.xml:54:27-75
100
101                <!-- Redirect URI: "kakao${NATIVE_APP_KEY}://oauth" -->
102                <data
102-->src/main/AndroidManifest.xml:57:17-58:64
103                    android:host="oauth"
103-->src/main/AndroidManifest.xml:57:23-43
104                    android:scheme="@string/kakao_auth_host" />
104-->src/main/AndroidManifest.xml:58:21-61
105            </intent-filter>
106        </activity>
107        <!-- <activity -->
108        <!-- android:name="com.nhn.android.naverlogin.ui.OAuthLoginActivity" -->
109        <!-- android:configChanges="orientation|screenSize" -->
110        <!-- android:theme="@style/Theme.AppCompat.Light.Dialog" /> -->
111        <activity
111-->[com.navercorp.nid:oauth-jdk8:5.9.0] AndroidManifest.xml:30:9-33:78
112            android:name="com.navercorp.nid.oauth.NidOAuthBridgeActivity"
112-->[com.navercorp.nid:oauth-jdk8:5.9.0] AndroidManifest.xml:31:13-74
113            android:configChanges="orientation|screenSize"
113-->[com.navercorp.nid:oauth-jdk8:5.9.0] AndroidManifest.xml:32:13-59
114            android:theme="@style/Theme.AppCompat.Transparent.NoActionBar" /> <!-- <activity -->
114-->[com.navercorp.nid:oauth-jdk8:5.9.0] AndroidManifest.xml:33:13-75
115        <!-- android:name="com.navercorp.nid.oauth.activity.NidOAuthWebViewActivity" -->
116        <!-- android:configChanges="orientation|screenSize" -->
117        <!-- android:screenOrientation="behind" -->
118        <!-- android:label="OAuth2.0 by WebView" -->
119        <!-- android:theme="@style/Theme.AppCompat.Transparent.NoActionBar"/> -->
120        <activity
120-->[com.navercorp.nid:oauth-jdk8:5.9.0] AndroidManifest.xml:42:9-61:20
121            android:name="com.navercorp.nid.oauth.activity.NidOAuthCustomTabActivity"
121-->[com.navercorp.nid:oauth-jdk8:5.9.0] AndroidManifest.xml:43:13-86
122            android:configChanges="orientation|screenSize"
122-->[com.navercorp.nid:oauth-jdk8:5.9.0] AndroidManifest.xml:44:13-59
123            android:exported="true"
123-->[com.navercorp.nid:oauth-jdk8:5.9.0] AndroidManifest.xml:45:13-36
124            android:label="OAuth2.0 by Custom tabs"
124-->[com.navercorp.nid:oauth-jdk8:5.9.0] AndroidManifest.xml:46:13-52
125            android:launchMode="singleTask"
125-->[com.navercorp.nid:oauth-jdk8:5.9.0] AndroidManifest.xml:47:13-44
126            android:screenOrientation="behind"
126-->[com.navercorp.nid:oauth-jdk8:5.9.0] AndroidManifest.xml:48:13-47
127            android:theme="@style/Theme.AppCompat.NoActionBar" >
127-->[com.navercorp.nid:oauth-jdk8:5.9.0] AndroidManifest.xml:49:13-63
128            <intent-filter>
128-->[com.navercorp.nid:oauth-jdk8:5.9.0] AndroidManifest.xml:50:13-60:29
129                <action android:name="android.intent.action.VIEW" />
129-->src/main/AndroidManifest.xml:52:17-69
129-->src/main/AndroidManifest.xml:52:25-66
130
131                <category android:name="android.intent.category.DEFAULT" />
131-->src/main/AndroidManifest.xml:53:17-76
131-->src/main/AndroidManifest.xml:53:27-73
132                <category android:name="android.intent.category.BROWSABLE" />
132-->src/main/AndroidManifest.xml:54:17-78
132-->src/main/AndroidManifest.xml:54:27-75
133                <!-- Intent URL 에서 로그인 액티비티를 실행하기 위해 설정 -->
134                <data
134-->src/main/AndroidManifest.xml:57:17-58:64
135                    android:host="authorize"
135-->src/main/AndroidManifest.xml:57:23-43
136                    android:path="/"
137                    android:scheme="naver3rdpartylogin" />
137-->src/main/AndroidManifest.xml:58:21-61
138            </intent-filter>
139        </activity>
140        <activity
140-->[com.google.android.gms:play-services-auth:20.7.0] AndroidManifest.xml:23:9-27:75
141            android:name="com.google.android.gms.auth.api.signin.internal.SignInHubActivity"
141-->[com.google.android.gms:play-services-auth:20.7.0] AndroidManifest.xml:24:13-93
142            android:excludeFromRecents="true"
142-->[com.google.android.gms:play-services-auth:20.7.0] AndroidManifest.xml:25:13-46
143            android:exported="false"
143-->[com.google.android.gms:play-services-auth:20.7.0] AndroidManifest.xml:26:13-37
144            android:theme="@android:style/Theme.Translucent.NoTitleBar" />
144-->[com.google.android.gms:play-services-auth:20.7.0] AndroidManifest.xml:27:13-72
145        <!--
146            Service handling Google Sign-In user revocation. For apps that do not integrate with
147            Google Sign-In, this service will never be started.
148        -->
149        <service
149-->[com.google.android.gms:play-services-auth:20.7.0] AndroidManifest.xml:33:9-37:51
150            android:name="com.google.android.gms.auth.api.signin.RevocationBoundService"
150-->[com.google.android.gms:play-services-auth:20.7.0] AndroidManifest.xml:34:13-89
151            android:exported="true"
151-->[com.google.android.gms:play-services-auth:20.7.0] AndroidManifest.xml:35:13-36
152            android:permission="com.google.android.gms.auth.api.signin.permission.REVOCATION_NOTIFICATION"
152-->[com.google.android.gms:play-services-auth:20.7.0] AndroidManifest.xml:36:13-107
153            android:visibleToInstantApps="true" />
153-->[com.google.android.gms:play-services-auth:20.7.0] AndroidManifest.xml:37:13-48
154
155        <activity
155-->[com.kakao.sdk:v2-auth:2.19.0] AndroidManifest.xml:10:9-15:56
156            android:name="com.kakao.sdk.auth.TalkAuthCodeActivity"
156-->[com.kakao.sdk:v2-auth:2.19.0] AndroidManifest.xml:11:13-67
157            android:configChanges="orientation|screenSize|keyboardHidden"
157-->[com.kakao.sdk:v2-auth:2.19.0] AndroidManifest.xml:12:13-74
158            android:exported="false"
158-->[com.kakao.sdk:v2-auth:2.19.0] AndroidManifest.xml:13:13-37
159            android:launchMode="singleTask"
159-->[com.kakao.sdk:v2-auth:2.19.0] AndroidManifest.xml:14:13-44
160            android:theme="@style/TransparentCompat" />
160-->[com.kakao.sdk:v2-auth:2.19.0] AndroidManifest.xml:15:13-53
161
162        <service
162-->[com.google.firebase:firebase-auth-ktx:22.3.0] AndroidManifest.xml:8:9-14:19
163            android:name="com.google.firebase.components.ComponentDiscoveryService"
163-->[com.google.firebase:firebase-auth-ktx:22.3.0] AndroidManifest.xml:9:13-84
164            android:directBootAware="true"
164-->[com.google.firebase:firebase-common:20.4.2] AndroidManifest.xml:32:13-43
165            android:exported="false" >
165-->[com.google.firebase:firebase-auth-ktx:22.3.0] AndroidManifest.xml:10:13-37
166            <meta-data
166-->[com.google.firebase:firebase-auth-ktx:22.3.0] AndroidManifest.xml:11:13-13:85
167                android:name="com.google.firebase.components:com.google.firebase.auth.ktx.FirebaseAuthLegacyRegistrar"
167-->[com.google.firebase:firebase-auth-ktx:22.3.0] AndroidManifest.xml:12:17-119
168                android:value="com.google.firebase.components.ComponentRegistrar" />
168-->[com.google.firebase:firebase-auth-ktx:22.3.0] AndroidManifest.xml:13:17-82
169            <meta-data
169-->[com.google.firebase:firebase-auth:22.3.0] AndroidManifest.xml:69:13-71:85
170                android:name="com.google.firebase.components:com.google.firebase.auth.FirebaseAuthRegistrar"
170-->[com.google.firebase:firebase-auth:22.3.0] AndroidManifest.xml:70:17-109
171                android:value="com.google.firebase.components.ComponentRegistrar" />
171-->[com.google.firebase:firebase-auth:22.3.0] AndroidManifest.xml:71:17-82
172            <meta-data
172-->[com.google.firebase:firebase-common-ktx:20.4.2] AndroidManifest.xml:12:13-14:85
173                android:name="com.google.firebase.components:com.google.firebase.ktx.FirebaseCommonLegacyRegistrar"
173-->[com.google.firebase:firebase-common-ktx:20.4.2] AndroidManifest.xml:13:17-116
174                android:value="com.google.firebase.components.ComponentRegistrar" />
174-->[com.google.firebase:firebase-common-ktx:20.4.2] AndroidManifest.xml:14:17-82
175            <meta-data
175-->[com.google.firebase:firebase-common:20.4.2] AndroidManifest.xml:35:13-37:85
176                android:name="com.google.firebase.components:com.google.firebase.FirebaseCommonKtxRegistrar"
176-->[com.google.firebase:firebase-common:20.4.2] AndroidManifest.xml:36:17-109
177                android:value="com.google.firebase.components.ComponentRegistrar" />
177-->[com.google.firebase:firebase-common:20.4.2] AndroidManifest.xml:37:17-82
178        </service>
179
180        <activity
180-->[com.google.firebase:firebase-auth:22.3.0] AndroidManifest.xml:29:9-46:20
181            android:name="com.google.firebase.auth.internal.GenericIdpActivity"
181-->[com.google.firebase:firebase-auth:22.3.0] AndroidManifest.xml:30:13-80
182            android:excludeFromRecents="true"
182-->[com.google.firebase:firebase-auth:22.3.0] AndroidManifest.xml:31:13-46
183            android:exported="true"
183-->[com.google.firebase:firebase-auth:22.3.0] AndroidManifest.xml:32:13-36
184            android:launchMode="singleTask"
184-->[com.google.firebase:firebase-auth:22.3.0] AndroidManifest.xml:33:13-44
185            android:theme="@android:style/Theme.Translucent.NoTitleBar" >
185-->[com.google.firebase:firebase-auth:22.3.0] AndroidManifest.xml:34:13-72
186            <intent-filter>
186-->[com.google.firebase:firebase-auth:22.3.0] AndroidManifest.xml:35:13-45:29
187                <action android:name="android.intent.action.VIEW" />
187-->src/main/AndroidManifest.xml:52:17-69
187-->src/main/AndroidManifest.xml:52:25-66
188
189                <category android:name="android.intent.category.DEFAULT" />
189-->src/main/AndroidManifest.xml:53:17-76
189-->src/main/AndroidManifest.xml:53:27-73
190                <category android:name="android.intent.category.BROWSABLE" />
190-->src/main/AndroidManifest.xml:54:17-78
190-->src/main/AndroidManifest.xml:54:27-75
191
192                <data
192-->src/main/AndroidManifest.xml:57:17-58:64
193                    android:host="firebase.auth"
193-->src/main/AndroidManifest.xml:57:23-43
194                    android:path="/"
195                    android:scheme="genericidp" />
195-->src/main/AndroidManifest.xml:58:21-61
196            </intent-filter>
197        </activity>
198        <activity
198-->[com.google.firebase:firebase-auth:22.3.0] AndroidManifest.xml:47:9-64:20
199            android:name="com.google.firebase.auth.internal.RecaptchaActivity"
199-->[com.google.firebase:firebase-auth:22.3.0] AndroidManifest.xml:48:13-79
200            android:excludeFromRecents="true"
200-->[com.google.firebase:firebase-auth:22.3.0] AndroidManifest.xml:49:13-46
201            android:exported="true"
201-->[com.google.firebase:firebase-auth:22.3.0] AndroidManifest.xml:50:13-36
202            android:launchMode="singleTask"
202-->[com.google.firebase:firebase-auth:22.3.0] AndroidManifest.xml:51:13-44
203            android:theme="@android:style/Theme.Translucent.NoTitleBar" >
203-->[com.google.firebase:firebase-auth:22.3.0] AndroidManifest.xml:52:13-72
204            <intent-filter>
204-->[com.google.firebase:firebase-auth:22.3.0] AndroidManifest.xml:53:13-63:29
205                <action android:name="android.intent.action.VIEW" />
205-->src/main/AndroidManifest.xml:52:17-69
205-->src/main/AndroidManifest.xml:52:25-66
206
207                <category android:name="android.intent.category.DEFAULT" />
207-->src/main/AndroidManifest.xml:53:17-76
207-->src/main/AndroidManifest.xml:53:27-73
208                <category android:name="android.intent.category.BROWSABLE" />
208-->src/main/AndroidManifest.xml:54:17-78
208-->src/main/AndroidManifest.xml:54:27-75
209
210                <data
210-->src/main/AndroidManifest.xml:57:17-58:64
211                    android:host="firebase.auth"
211-->src/main/AndroidManifest.xml:57:23-43
212                    android:path="/"
213                    android:scheme="recaptcha" />
213-->src/main/AndroidManifest.xml:58:21-61
214            </intent-filter>
215        </activity>
216        <activity
216-->[com.google.android.gms:play-services-base:18.0.1] AndroidManifest.xml:20:9-22:45
217            android:name="com.google.android.gms.common.api.GoogleApiActivity"
217-->[com.google.android.gms:play-services-base:18.0.1] AndroidManifest.xml:20:19-85
218            android:exported="false"
218-->[com.google.android.gms:play-services-base:18.0.1] AndroidManifest.xml:22:19-43
219            android:theme="@android:style/Theme.Translucent.NoTitleBar" />
219-->[com.google.android.gms:play-services-base:18.0.1] AndroidManifest.xml:21:19-78
220
221        <provider
221-->[com.google.firebase:firebase-common:20.4.2] AndroidManifest.xml:23:9-28:39
222            android:name="com.google.firebase.provider.FirebaseInitProvider"
222-->[com.google.firebase:firebase-common:20.4.2] AndroidManifest.xml:24:13-77
223            android:authorities="com.example.lifesharing.firebaseinitprovider"
223-->[com.google.firebase:firebase-common:20.4.2] AndroidManifest.xml:25:13-72
224            android:directBootAware="true"
224-->[com.google.firebase:firebase-common:20.4.2] AndroidManifest.xml:26:13-43
225            android:exported="false"
225-->[com.google.firebase:firebase-common:20.4.2] AndroidManifest.xml:27:13-37
226            android:initOrder="100" />
226-->[com.google.firebase:firebase-common:20.4.2] AndroidManifest.xml:28:13-36
227
228        <meta-data
228-->[com.google.android.gms:play-services-basement:18.2.0] AndroidManifest.xml:21:9-23:69
229            android:name="com.google.android.gms.version"
229-->[com.google.android.gms:play-services-basement:18.2.0] AndroidManifest.xml:22:13-58
230            android:value="@integer/google_play_services_version" />
230-->[com.google.android.gms:play-services-basement:18.2.0] AndroidManifest.xml:23:13-66
231
232        <provider
232-->[androidx.emoji2:emoji2:1.2.0] AndroidManifest.xml:24:9-32:20
233            android:name="androidx.startup.InitializationProvider"
233-->[androidx.emoji2:emoji2:1.2.0] AndroidManifest.xml:25:13-67
234            android:authorities="com.example.lifesharing.androidx-startup"
234-->[androidx.emoji2:emoji2:1.2.0] AndroidManifest.xml:26:13-68
235            android:exported="false" >
235-->[androidx.emoji2:emoji2:1.2.0] AndroidManifest.xml:27:13-37
236            <meta-data
236-->[androidx.emoji2:emoji2:1.2.0] AndroidManifest.xml:29:13-31:52
237                android:name="androidx.emoji2.text.EmojiCompatInitializer"
237-->[androidx.emoji2:emoji2:1.2.0] AndroidManifest.xml:30:17-75
238                android:value="androidx.startup" />
238-->[androidx.emoji2:emoji2:1.2.0] AndroidManifest.xml:31:17-49
239            <meta-data
239-->[androidx.lifecycle:lifecycle-process:2.6.1] AndroidManifest.xml:29:13-31:52
240                android:name="androidx.lifecycle.ProcessLifecycleInitializer"
240-->[androidx.lifecycle:lifecycle-process:2.6.1] AndroidManifest.xml:30:17-78
241                android:value="androidx.startup" />
241-->[androidx.lifecycle:lifecycle-process:2.6.1] AndroidManifest.xml:31:17-49
242            <meta-data
242-->[androidx.profileinstaller:profileinstaller:1.3.0] AndroidManifest.xml:29:13-31:52
243                android:name="androidx.profileinstaller.ProfileInstallerInitializer"
243-->[androidx.profileinstaller:profileinstaller:1.3.0] AndroidManifest.xml:30:17-85
244                android:value="androidx.startup" />
244-->[androidx.profileinstaller:profileinstaller:1.3.0] AndroidManifest.xml:31:17-49
245        </provider>
246
247        <uses-library
247-->[androidx.window:window:1.0.0] AndroidManifest.xml:25:9-27:40
248            android:name="androidx.window.extensions"
248-->[androidx.window:window:1.0.0] AndroidManifest.xml:26:13-54
249            android:required="false" />
249-->[androidx.window:window:1.0.0] AndroidManifest.xml:27:13-37
250        <uses-library
250-->[androidx.window:window:1.0.0] AndroidManifest.xml:28:9-30:40
251            android:name="androidx.window.sidecar"
251-->[androidx.window:window:1.0.0] AndroidManifest.xml:29:13-51
252            android:required="false" />
252-->[androidx.window:window:1.0.0] AndroidManifest.xml:30:13-37
253
254        <service
254-->[com.google.android.datatransport:transport-runtime:3.2.0] AndroidManifest.xml:24:9-28:19
255            android:name="com.google.android.datatransport.runtime.scheduling.jobscheduling.JobInfoSchedulerService"
255-->[com.google.android.datatransport:transport-runtime:3.2.0] AndroidManifest.xml:25:13-117
256            android:exported="false"
256-->[com.google.android.datatransport:transport-runtime:3.2.0] AndroidManifest.xml:26:13-37
257            android:permission="android.permission.BIND_JOB_SERVICE" >
257-->[com.google.android.datatransport:transport-runtime:3.2.0] AndroidManifest.xml:27:13-69
258        </service>
259
260        <receiver
260-->[com.google.android.datatransport:transport-runtime:3.2.0] AndroidManifest.xml:30:9-32:40
261            android:name="com.google.android.datatransport.runtime.scheduling.jobscheduling.AlarmManagerSchedulerBroadcastReceiver"
261-->[com.google.android.datatransport:transport-runtime:3.2.0] AndroidManifest.xml:31:13-132
262            android:exported="false" />
262-->[com.google.android.datatransport:transport-runtime:3.2.0] AndroidManifest.xml:32:13-37
263
264        <service
264-->[com.google.android.datatransport:transport-runtime:3.2.0] AndroidManifest.xml:34:9-36:40
265            android:name="com.google.android.datatransport.runtime.backends.TransportBackendDiscovery"
265-->[com.google.android.datatransport:transport-runtime:3.2.0] AndroidManifest.xml:35:13-103
266            android:exported="false" />
266-->[com.google.android.datatransport:transport-runtime:3.2.0] AndroidManifest.xml:36:13-37
267
268        <receiver
268-->[androidx.profileinstaller:profileinstaller:1.3.0] AndroidManifest.xml:34:9-52:20
269            android:name="androidx.profileinstaller.ProfileInstallReceiver"
269-->[androidx.profileinstaller:profileinstaller:1.3.0] AndroidManifest.xml:35:13-76
270            android:directBootAware="false"
270-->[androidx.profileinstaller:profileinstaller:1.3.0] AndroidManifest.xml:36:13-44
271            android:enabled="true"
271-->[androidx.profileinstaller:profileinstaller:1.3.0] AndroidManifest.xml:37:13-35
272            android:exported="true"
272-->[androidx.profileinstaller:profileinstaller:1.3.0] AndroidManifest.xml:38:13-36
273            android:permission="android.permission.DUMP" >
273-->[androidx.profileinstaller:profileinstaller:1.3.0] AndroidManifest.xml:39:13-57
274            <intent-filter>
274-->[androidx.profileinstaller:profileinstaller:1.3.0] AndroidManifest.xml:40:13-42:29
275                <action android:name="androidx.profileinstaller.action.INSTALL_PROFILE" />
275-->[androidx.profileinstaller:profileinstaller:1.3.0] AndroidManifest.xml:41:17-91
275-->[androidx.profileinstaller:profileinstaller:1.3.0] AndroidManifest.xml:41:25-88
276            </intent-filter>
277            <intent-filter>
277-->[androidx.profileinstaller:profileinstaller:1.3.0] AndroidManifest.xml:43:13-45:29
278                <action android:name="androidx.profileinstaller.action.SKIP_FILE" />
278-->[androidx.profileinstaller:profileinstaller:1.3.0] AndroidManifest.xml:44:17-85
278-->[androidx.profileinstaller:profileinstaller:1.3.0] AndroidManifest.xml:44:25-82
279            </intent-filter>
280            <intent-filter>
280-->[androidx.profileinstaller:profileinstaller:1.3.0] AndroidManifest.xml:46:13-48:29
281                <action android:name="androidx.profileinstaller.action.SAVE_PROFILE" />
281-->[androidx.profileinstaller:profileinstaller:1.3.0] AndroidManifest.xml:47:17-88
281-->[androidx.profileinstaller:profileinstaller:1.3.0] AndroidManifest.xml:47:25-85
282            </intent-filter>
283            <intent-filter>
283-->[androidx.profileinstaller:profileinstaller:1.3.0] AndroidManifest.xml:49:13-51:29
284                <action android:name="androidx.profileinstaller.action.BENCHMARK_OPERATION" />
284-->[androidx.profileinstaller:profileinstaller:1.3.0] AndroidManifest.xml:50:17-95
284-->[androidx.profileinstaller:profileinstaller:1.3.0] AndroidManifest.xml:50:25-92
285            </intent-filter>
286        </receiver>
287    </application>
288
289</manifest>